{"/Users/lassetodt/Git Projects/auth-boilerplate/index.js":{"path":"/Users/lassetodt/Git Projects/auth-boilerplate/index.js","s":{"1":1,"2":1,"3":1,"4":1,"5":1,"6":1,"7":1,"8":1,"9":1,"10":1,"11":1,"12":1,"13":1,"14":1,"15":1,"16":1,"17":1,"18":0,"19":1,"20":1,"21":1,"22":1,"23":1,"24":0,"25":1,"26":0,"27":1,"28":1,"29":1,"30":1,"31":1,"32":1,"33":1,"34":1,"35":1,"36":1,"37":0,"38":1,"39":0,"40":0,"41":0,"42":0,"43":0,"44":0,"45":0,"46":0,"47":1,"48":0,"49":1,"50":0,"51":0,"52":0,"53":0,"54":0,"55":0,"56":0,"57":0,"58":0,"59":0,"60":1,"61":0,"62":0,"63":1,"64":2,"65":2,"66":0,"67":2,"68":2,"69":0,"70":1,"71":0,"72":0,"73":0,"74":0,"75":0,"76":0,"77":0,"78":1,"79":1,"80":1},"b":{"1":[1,0],"2":[1,0],"3":[0,1],"4":[0,1],"5":[0,1],"6":[0,0],"7":[1,0],"8":[0,0],"9":[0,0],"10":[0,0],"11":[0,0],"12":[0,0,0,0],"13":[0,0],"14":[0,0],"15":[0,0],"16":[0,2],"17":[2,0],"18":[0,0],"19":[0,0]},"f":{},"fnMap":{},"statementMap":{"1":{"start":{"line":1,"column":0},"end":{"line":1,"column":33}},"2":{"start":{"line":2,"column":0},"end":{"line":2,"column":37}},"3":{"start":{"line":3,"column":0},"end":{"line":3,"column":35}},"4":{"start":{"line":4,"column":0},"end":{"line":4,"column":43}},"5":{"start":{"line":5,"column":0},"end":{"line":5,"column":29}},"6":{"start":{"line":6,"column":0},"end":{"line":6,"column":25}},"7":{"start":{"line":7,"column":0},"end":{"line":7,"column":42}},"8":{"start":{"line":8,"column":0},"end":{"line":8,"column":29}},"9":{"start":{"line":9,"column":0},"end":{"line":9,"column":37}},"10":{"start":{"line":10,"column":0},"end":{"line":10,"column":33}},"11":{"start":{"line":11,"column":0},"end":{"line":11,"column":36}},"12":{"start":{"line":12,"column":0},"end":{"line":12,"column":38}},"13":{"start":{"line":14,"column":0},"end":{"line":14,"column":22}},"14":{"start":{"line":17,"column":0},"end":{"line":17,"column":65}},"15":{"start":{"line":17,"column":51},"end":{"line":17,"column":65}},"16":{"start":{"line":19,"column":0},"end":{"line":20,"column":77}},"17":{"start":{"line":19,"column":27},"end":{"line":19,"column":67}},"18":{"start":{"line":20,"column":5},"end":{"line":20,"column":77}},"19":{"start":{"line":23,"column":0},"end":{"line":23,"column":31}},"20":{"start":{"line":25,"column":0},"end":{"line":25,"column":65}},"21":{"start":{"line":26,"column":0},"end":{"line":28,"column":3}},"22":{"start":{"line":27,"column":4},"end":{"line":27,"column":52}},"23":{"start":{"line":31,"column":0},"end":{"line":34,"column":6}},"24":{"start":{"line":32,"column":4},"end":{"line":34,"column":6}},"25":{"start":{"line":36,"column":0},"end":{"line":37,"column":74}},"26":{"start":{"line":37,"column":4},"end":{"line":37,"column":74}},"27":{"start":{"line":39,"column":0},"end":{"line":42,"column":39}},"28":{"start":{"line":45,"column":0},"end":{"line":45,"column":36}},"29":{"start":{"line":49,"column":0},"end":{"line":49,"column":58}},"30":{"start":{"line":50,"column":0},"end":{"line":50,"column":52}},"31":{"start":{"line":51,"column":0},"end":{"line":51,"column":27}},"32":{"start":{"line":52,"column":0},"end":{"line":52,"column":16}},"33":{"start":{"line":53,"column":0},"end":{"line":53,"column":57}},"34":{"start":{"line":54,"column":0},"end":{"line":54,"column":31}},"35":{"start":{"line":55,"column":0},"end":{"line":55,"column":28}},"36":{"start":{"line":57,"column":0},"end":{"line":63,"column":2}},"37":{"start":{"line":61,"column":8},"end":{"line":61,"column":34}},"38":{"start":{"line":65,"column":0},"end":{"line":80,"column":2}},"39":{"start":{"line":69,"column":8},"end":{"line":78,"column":9}},"40":{"start":{"line":70,"column":12},"end":{"line":70,"column":70}},"41":{"start":{"line":72,"column":12},"end":{"line":72,"column":34}},"42":{"start":{"line":73,"column":12},"end":{"line":73,"column":61}},"43":{"start":{"line":74,"column":12},"end":{"line":77,"column":15}},"44":{"start":{"line":75,"column":16},"end":{"line":76,"column":49}},"45":{"start":{"line":75,"column":25},"end":{"line":75,"column":71}},"46":{"start":{"line":76,"column":21},"end":{"line":76,"column":49}},"47":{"start":{"line":82,"column":0},"end":{"line":88,"column":2}},"48":{"start":{"line":86,"column":8},"end":{"line":86,"column":37}},"49":{"start":{"line":90,"column":0},"end":{"line":114,"column":2}},"50":{"start":{"line":94,"column":8},"end":{"line":112,"column":9}},"51":{"start":{"line":100,"column":12},"end":{"line":100,"column":70}},"52":{"start":{"line":102,"column":12},"end":{"line":102,"column":64}},"53":{"start":{"line":103,"column":12},"end":{"line":111,"column":13}},"54":{"start":{"line":104,"column":16},"end":{"line":104,"column":72}},"55":{"start":{"line":106,"column":16},"end":{"line":106,"column":61}},"56":{"start":{"line":107,"column":16},"end":{"line":110,"column":19}},"57":{"start":{"line":108,"column":20},"end":{"line":109,"column":53}},"58":{"start":{"line":108,"column":29},"end":{"line":108,"column":75}},"59":{"start":{"line":109,"column":25},"end":{"line":109,"column":53}},"60":{"start":{"line":116,"column":0},"end":{"line":119,"column":3}},"61":{"start":{"line":117,"column":4},"end":{"line":117,"column":17}},"62":{"start":{"line":118,"column":4},"end":{"line":118,"column":26}},"63":{"start":{"line":121,"column":0},"end":{"line":127,"column":3}},"64":{"start":{"line":122,"column":4},"end":{"line":126,"column":23}},"65":{"start":{"line":123,"column":8},"end":{"line":123,"column":27}},"66":{"start":{"line":123,"column":17},"end":{"line":123,"column":27}},"67":{"start":{"line":124,"column":8},"end":{"line":125,"column":60}},"68":{"start":{"line":124,"column":19},"end":{"line":124,"column":67}},"69":{"start":{"line":125,"column":13},"end":{"line":125,"column":60}},"70":{"start":{"line":129,"column":0},"end":{"line":143,"column":3}},"71":{"start":{"line":130,"column":4},"end":{"line":142,"column":23}},"72":{"start":{"line":131,"column":8},"end":{"line":131,"column":27}},"73":{"start":{"line":131,"column":17},"end":{"line":131,"column":27}},"74":{"start":{"line":132,"column":8},"end":{"line":141,"column":9}},"75":{"start":{"line":132,"column":19},"end":{"line":132,"column":67}},"76":{"start":{"line":134,"column":12},"end":{"line":136,"column":15}},"77":{"start":{"line":137,"column":12},"end":{"line":140,"column":15}},"78":{"start":{"line":146,"column":0},"end":{"line":148,"column":3}},"79":{"start":{"line":147,"column":4},"end":{"line":147,"column":56}},"80":{"start":{"line":151,"column":0},"end":{"line":151,"column":21}}},"branchMap":{"1":{"line":17,"type":"if","locations":[{"start":{"line":17,"column":0},"end":{"line":17,"column":0}},{"start":{"line":17,"column":0},"end":{"line":17,"column":0}}]},"2":{"line":19,"type":"if","locations":[{"start":{"line":19,"column":0},"end":{"line":19,"column":0}},{"start":{"line":19,"column":0},"end":{"line":19,"column":0}}]},"3":{"line":31,"type":"if","locations":[{"start":{"line":31,"column":0},"end":{"line":31,"column":0}},{"start":{"line":31,"column":0},"end":{"line":31,"column":0}}]},"4":{"line":36,"type":"if","locations":[{"start":{"line":36,"column":0},"end":{"line":36,"column":0}},{"start":{"line":36,"column":0},"end":{"line":36,"column":0}}]},"5":{"line":40,"type":"cond-expr","locations":[{"start":{"line":41,"column":10},"end":{"line":41,"column":34}},{"start":{"line":42,"column":10},"end":{"line":42,"column":38}}]},"6":{"line":41,"type":"binary-expr","locations":[{"start":{"line":41,"column":10},"end":{"line":41,"column":26}},{"start":{"line":41,"column":30},"end":{"line":41,"column":34}}]},"7":{"line":42,"type":"binary-expr","locations":[{"start":{"line":42,"column":10},"end":{"line":42,"column":30}},{"start":{"line":42,"column":34},"end":{"line":42,"column":38}}]},"8":{"line":69,"type":"if","locations":[{"start":{"line":69,"column":8},"end":{"line":69,"column":8}},{"start":{"line":69,"column":8},"end":{"line":69,"column":8}}]},"9":{"line":69,"type":"binary-expr","locations":[{"start":{"line":69,"column":12},"end":{"line":69,"column":26}},{"start":{"line":69,"column":30},"end":{"line":69,"column":50}}]},"10":{"line":75,"type":"if","locations":[{"start":{"line":75,"column":16},"end":{"line":75,"column":16}},{"start":{"line":75,"column":16},"end":{"line":75,"column":16}}]},"11":{"line":94,"type":"if","locations":[{"start":{"line":94,"column":8},"end":{"line":94,"column":8}},{"start":{"line":94,"column":8},"end":{"line":94,"column":8}}]},"12":{"line":95,"type":"binary-expr","locations":[{"start":{"line":95,"column":12},"end":{"line":95,"column":28}},{"start":{"line":96,"column":12},"end":{"line":96,"column":32}},{"start":{"line":97,"column":12},"end":{"line":97,"column":30}},{"start":{"line":98,"column":12},"end":{"line":98,"column":36}}]},"13":{"line":103,"type":"if","locations":[{"start":{"line":103,"column":12},"end":{"line":103,"column":12}},{"start":{"line":103,"column":12},"end":{"line":103,"column":12}}]},"14":{"line":103,"type":"binary-expr","locations":[{"start":{"line":103,"column":16},"end":{"line":103,"column":21}},{"start":{"line":103,"column":25},"end":{"line":103,"column":38}}]},"15":{"line":108,"type":"if","locations":[{"start":{"line":108,"column":20},"end":{"line":108,"column":20}},{"start":{"line":108,"column":20},"end":{"line":108,"column":20}}]},"16":{"line":123,"type":"if","locations":[{"start":{"line":123,"column":8},"end":{"line":123,"column":8}},{"start":{"line":123,"column":8},"end":{"line":123,"column":8}}]},"17":{"line":124,"type":"if","locations":[{"start":{"line":124,"column":8},"end":{"line":124,"column":8}},{"start":{"line":124,"column":8},"end":{"line":124,"column":8}}]},"18":{"line":131,"type":"if","locations":[{"start":{"line":131,"column":8},"end":{"line":131,"column":8}},{"start":{"line":131,"column":8},"end":{"line":131,"column":8}}]},"19":{"line":132,"type":"if","locations":[{"start":{"line":132,"column":8},"end":{"line":132,"column":8}},{"start":{"line":132,"column":8},"end":{"line":132,"column":8}}]}}},"/Users/lassetodt/Git Projects/auth-boilerplate/models/User.js":{"path":"/Users/lassetodt/Git Projects/auth-boilerplate/models/User.js","s":{"1":1,"2":1,"3":1,"4":1,"5":1,"6":1,"7":0,"8":1,"9":0,"10":1},"b":{},"f":{"1":0,"2":0},"fnMap":{"1":{"name":"generateHash","line":24,"loc":{"start":{"line":24,"column":34},"end":{"line":24,"column":66}}},"2":{"name":"validPassword","line":33,"loc":{"start":{"line":33,"column":35},"end":{"line":33,"column":68}}}},"statementMap":{"1":{"start":{"line":1,"column":0},"end":{"line":1,"column":37}},"2":{"start":{"line":2,"column":0},"end":{"line":2,"column":40}},"3":{"start":{"line":4,"column":0},"end":{"line":6,"column":3}},"4":{"start":{"line":8,"column":0},"end":{"line":11,"column":3}},"5":{"start":{"line":13,"column":0},"end":{"line":17,"column":3}},"6":{"start":{"line":24,"column":0},"end":{"line":26,"column":2}},"7":{"start":{"line":25,"column":4},"end":{"line":25,"column":66}},"8":{"start":{"line":33,"column":0},"end":{"line":35,"column":2}},"9":{"start":{"line":34,"column":4},"end":{"line":34,"column":55}},"10":{"start":{"line":37,"column":0},"end":{"line":37,"column":52}}},"branchMap":{}},"/Users/lassetodt/Git Projects/auth-boilerplate/lib/passport.js":{"path":"/Users/lassetodt/Git Projects/auth-boilerplate/lib/passport.js","s":{"1":1,"2":1,"3":1,"4":1,"5":1,"6":1,"7":0,"8":1,"9":0,"10":0,"11":1,"12":2,"13":2,"14":0,"15":2,"16":2,"17":0,"18":0,"19":0,"20":0,"21":0,"22":0,"23":0,"24":1,"25":0,"26":0,"27":0,"28":0,"29":0,"30":0,"31":0,"32":0,"33":1,"34":1,"35":0,"36":0,"37":0,"38":0,"39":0,"40":0},"b":{"1":[0,2],"2":[2,0],"3":[0,0],"4":[0,0],"5":[0,0],"6":[0,0],"7":[0,0],"8":[0,0]},"f":{},"fnMap":{},"statementMap":{"1":{"start":{"line":1,"column":0},"end":{"line":1,"column":57}},"2":{"start":{"line":2,"column":0},"end":{"line":2,"column":53}},"3":{"start":{"line":3,"column":0},"end":{"line":3,"column":54}},"4":{"start":{"line":5,"column":0},"end":{"line":5,"column":39}},"5":{"start":{"line":7,"column":0},"end":{"line":108,"column":2}},"6":{"start":{"line":15,"column":4},"end":{"line":15,"column":64}},"7":{"start":{"line":15,"column":43},"end":{"line":15,"column":62}},"8":{"start":{"line":18,"column":4},"end":{"line":20,"column":6}},"9":{"start":{"line":19,"column":8},"end":{"line":19,"column":57}},"10":{"start":{"line":19,"column":41},"end":{"line":19,"column":56}},"11":{"start":{"line":23,"column":4},"end":{"line":59,"column":6}},"12":{"start":{"line":35,"column":16},"end":{"line":56,"column":19}},"13":{"start":{"line":37,"column":20},"end":{"line":37,"column":46}},"14":{"start":{"line":37,"column":29},"end":{"line":37,"column":46}},"15":{"start":{"line":40,"column":20},"end":{"line":44,"column":21}},"16":{"start":{"line":41,"column":24},"end":{"line":43,"column":27}},"17":{"start":{"line":45,"column":20},"end":{"line":45,"column":47}},"18":{"start":{"line":48,"column":20},"end":{"line":48,"column":42}},"19":{"start":{"line":49,"column":20},"end":{"line":49,"column":70}},"20":{"start":{"line":52,"column":20},"end":{"line":55,"column":23}},"21":{"start":{"line":53,"column":24},"end":{"line":53,"column":58}},"22":{"start":{"line":53,"column":37},"end":{"line":53,"column":58}},"23":{"start":{"line":54,"column":24},"end":{"line":54,"column":51}},"24":{"start":{"line":62,"column":4},"end":{"line":89,"column":6}},"25":{"start":{"line":73,"column":16},"end":{"line":86,"column":19}},"26":{"start":{"line":75,"column":20},"end":{"line":75,"column":46}},"27":{"start":{"line":75,"column":29},"end":{"line":75,"column":46}},"28":{"start":{"line":76,"column":20},"end":{"line":79,"column":27}},"29":{"start":{"line":77,"column":24},"end":{"line":79,"column":27}},"30":{"start":{"line":80,"column":20},"end":{"line":83,"column":27}},"31":{"start":{"line":81,"column":24},"end":{"line":83,"column":27}},"32":{"start":{"line":85,"column":20},"end":{"line":85,"column":44}},"33":{"start":{"line":92,"column":4},"end":{"line":95,"column":6}},"34":{"start":{"line":96,"column":4},"end":{"line":107,"column":6}},"35":{"start":{"line":98,"column":12},"end":{"line":105,"column":14}},"36":{"start":{"line":101,"column":20},"end":{"line":101,"column":53}},"37":{"start":{"line":101,"column":29},"end":{"line":101,"column":53}},"38":{"start":{"line":102,"column":20},"end":{"line":102,"column":56}},"39":{"start":{"line":102,"column":31},"end":{"line":102,"column":56}},"40":{"start":{"line":103,"column":20},"end":{"line":103,"column":44}}},"branchMap":{"1":{"line":37,"type":"if","locations":[{"start":{"line":37,"column":20},"end":{"line":37,"column":20}},{"start":{"line":37,"column":20},"end":{"line":37,"column":20}}]},"2":{"line":40,"type":"if","locations":[{"start":{"line":40,"column":20},"end":{"line":40,"column":20}},{"start":{"line":40,"column":20},"end":{"line":40,"column":20}}]},"3":{"line":53,"type":"if","locations":[{"start":{"line":53,"column":24},"end":{"line":53,"column":24}},{"start":{"line":53,"column":24},"end":{"line":53,"column":24}}]},"4":{"line":75,"type":"if","locations":[{"start":{"line":75,"column":20},"end":{"line":75,"column":20}},{"start":{"line":75,"column":20},"end":{"line":75,"column":20}}]},"5":{"line":76,"type":"if","locations":[{"start":{"line":76,"column":20},"end":{"line":76,"column":20}},{"start":{"line":76,"column":20},"end":{"line":76,"column":20}}]},"6":{"line":80,"type":"if","locations":[{"start":{"line":80,"column":20},"end":{"line":80,"column":20}},{"start":{"line":80,"column":20},"end":{"line":80,"column":20}}]},"7":{"line":101,"type":"if","locations":[{"start":{"line":101,"column":20},"end":{"line":101,"column":20}},{"start":{"line":101,"column":20},"end":{"line":101,"column":20}}]},"8":{"line":102,"type":"if","locations":[{"start":{"line":102,"column":20},"end":{"line":102,"column":20}},{"start":{"line":102,"column":20},"end":{"line":102,"column":20}}]}}}}