{"/Users/lassetodt/Git Projects/auth-boilerplate/index.js":{"path":"/Users/lassetodt/Git Projects/auth-boilerplate/index.js","s":{"1":1,"2":1,"3":1,"4":1,"5":1,"6":1,"7":1,"8":1,"9":1,"10":1,"11":1,"12":1,"13":1,"14":1,"15":1,"16":1,"17":1,"18":0,"19":1,"20":1,"21":1,"22":1,"23":1,"24":0,"25":1,"26":0,"27":1,"28":1,"29":1,"30":1,"31":1,"32":1,"33":1,"34":1,"35":1,"36":1,"37":5,"38":3,"39":2,"40":1,"41":1,"42":1,"43":1,"44":1,"45":0,"46":1,"47":1,"48":2,"49":1,"50":7,"51":2,"52":5,"53":2,"54":3,"55":3,"56":1,"57":2,"58":1,"59":1,"60":1,"61":1,"62":1,"63":0,"64":1,"65":1,"66":7,"67":7,"68":0,"69":7,"70":6,"71":1,"72":1,"73":3,"74":3,"75":0,"76":3,"77":2,"78":1,"79":1,"80":1,"81":5,"82":1,"83":4,"84":1,"85":3,"86":3,"87":1,"88":2,"89":2,"90":1,"91":1,"92":1,"93":1,"94":0,"95":1,"96":1,"97":4,"98":2,"99":2,"100":2,"101":1,"102":1,"103":1,"104":1,"105":0,"106":1,"107":1,"108":2,"109":2,"110":1,"111":1,"112":1,"113":1,"114":1},"b":{"1":[1,0],"2":[1,0],"3":[0,1],"4":[0,1],"5":[0,1],"6":[0,0],"7":[1,0],"8":[3,2],"9":[5,2],"10":[1,1],"11":[0,1],"12":[2,5],"13":[7,6],"14":[2,3],"15":[5,4],"16":[1,2],"17":[3,2],"18":[1,1],"19":[0,1],"20":[0,7],"21":[6,1],"22":[0,3],"23":[2,1],"24":[1,4],"25":[5,4],"26":[1,3],"27":[4,3],"28":[1,2],"29":[3,2],"30":[1,1],"31":[0,1],"32":[2,2],"33":[4,3],"34":[1,1],"35":[2,1],"36":[0,1],"37":[1,1]},"f":{},"fnMap":{},"statementMap":{"1":{"start":{"line":1,"column":0},"end":{"line":1,"column":33}},"2":{"start":{"line":2,"column":0},"end":{"line":2,"column":37}},"3":{"start":{"line":3,"column":0},"end":{"line":3,"column":35}},"4":{"start":{"line":4,"column":0},"end":{"line":4,"column":43}},"5":{"start":{"line":5,"column":0},"end":{"line":5,"column":29}},"6":{"start":{"line":6,"column":0},"end":{"line":6,"column":25}},"7":{"start":{"line":7,"column":0},"end":{"line":7,"column":42}},"8":{"start":{"line":8,"column":0},"end":{"line":8,"column":29}},"9":{"start":{"line":9,"column":0},"end":{"line":9,"column":37}},"10":{"start":{"line":10,"column":0},"end":{"line":10,"column":33}},"11":{"start":{"line":11,"column":0},"end":{"line":11,"column":36}},"12":{"start":{"line":12,"column":0},"end":{"line":12,"column":63}},"13":{"start":{"line":14,"column":0},"end":{"line":14,"column":22}},"14":{"start":{"line":17,"column":0},"end":{"line":17,"column":65}},"15":{"start":{"line":17,"column":51},"end":{"line":17,"column":65}},"16":{"start":{"line":19,"column":0},"end":{"line":20,"column":77}},"17":{"start":{"line":19,"column":27},"end":{"line":19,"column":67}},"18":{"start":{"line":20,"column":5},"end":{"line":20,"column":77}},"19":{"start":{"line":23,"column":0},"end":{"line":23,"column":31}},"20":{"start":{"line":25,"column":0},"end":{"line":25,"column":65}},"21":{"start":{"line":26,"column":0},"end":{"line":28,"column":3}},"22":{"start":{"line":27,"column":4},"end":{"line":27,"column":52}},"23":{"start":{"line":31,"column":0},"end":{"line":34,"column":6}},"24":{"start":{"line":32,"column":4},"end":{"line":34,"column":6}},"25":{"start":{"line":36,"column":0},"end":{"line":37,"column":74}},"26":{"start":{"line":37,"column":4},"end":{"line":37,"column":74}},"27":{"start":{"line":39,"column":0},"end":{"line":42,"column":39}},"28":{"start":{"line":45,"column":0},"end":{"line":45,"column":36}},"29":{"start":{"line":49,"column":0},"end":{"line":49,"column":58}},"30":{"start":{"line":50,"column":0},"end":{"line":50,"column":52}},"31":{"start":{"line":51,"column":0},"end":{"line":51,"column":27}},"32":{"start":{"line":52,"column":0},"end":{"line":52,"column":16}},"33":{"start":{"line":53,"column":0},"end":{"line":53,"column":57}},"34":{"start":{"line":54,"column":0},"end":{"line":54,"column":31}},"35":{"start":{"line":55,"column":0},"end":{"line":55,"column":28}},"36":{"start":{"line":59,"column":0},"end":{"line":79,"column":2}},"37":{"start":{"line":63,"column":8},"end":{"line":77,"column":9}},"38":{"start":{"line":64,"column":12},"end":{"line":64,"column":70}},"39":{"start":{"line":65,"column":15},"end":{"line":77,"column":9}},"40":{"start":{"line":67,"column":16},"end":{"line":67,"column":51}},"41":{"start":{"line":70,"column":12},"end":{"line":70,"column":74}},"42":{"start":{"line":72,"column":12},"end":{"line":72,"column":61}},"43":{"start":{"line":73,"column":12},"end":{"line":76,"column":15}},"44":{"start":{"line":74,"column":16},"end":{"line":75,"column":49}},"45":{"start":{"line":74,"column":25},"end":{"line":74,"column":72}},"46":{"start":{"line":75,"column":21},"end":{"line":75,"column":49}},"47":{"start":{"line":81,"column":0},"end":{"line":87,"column":2}},"48":{"start":{"line":85,"column":8},"end":{"line":85,"column":37}},"49":{"start":{"line":89,"column":0},"end":{"line":125,"column":2}},"50":{"start":{"line":93,"column":8},"end":{"line":123,"column":9}},"51":{"start":{"line":94,"column":12},"end":{"line":97,"column":15}},"52":{"start":{"line":98,"column":13},"end":{"line":123,"column":9}},"53":{"start":{"line":102,"column":12},"end":{"line":102,"column":70}},"54":{"start":{"line":104,"column":12},"end":{"line":104,"column":64}},"55":{"start":{"line":105,"column":12},"end":{"line":122,"column":13}},"56":{"start":{"line":106,"column":16},"end":{"line":106,"column":72}},"57":{"start":{"line":107,"column":19},"end":{"line":122,"column":13}},"58":{"start":{"line":109,"column":20},"end":{"line":109,"column":59}},"59":{"start":{"line":112,"column":16},"end":{"line":115,"column":19}},"60":{"start":{"line":117,"column":16},"end":{"line":117,"column":61}},"61":{"start":{"line":118,"column":16},"end":{"line":121,"column":19}},"62":{"start":{"line":119,"column":20},"end":{"line":120,"column":53}},"63":{"start":{"line":119,"column":29},"end":{"line":119,"column":75}},"64":{"start":{"line":120,"column":25},"end":{"line":120,"column":53}},"65":{"start":{"line":127,"column":0},"end":{"line":133,"column":3}},"66":{"start":{"line":128,"column":4},"end":{"line":132,"column":23}},"67":{"start":{"line":129,"column":8},"end":{"line":129,"column":27}},"68":{"start":{"line":129,"column":17},"end":{"line":129,"column":27}},"69":{"start":{"line":130,"column":8},"end":{"line":131,"column":41}},"70":{"start":{"line":130,"column":19},"end":{"line":130,"column":67}},"71":{"start":{"line":131,"column":13},"end":{"line":131,"column":41}},"72":{"start":{"line":135,"column":0},"end":{"line":149,"column":3}},"73":{"start":{"line":136,"column":4},"end":{"line":148,"column":23}},"74":{"start":{"line":137,"column":8},"end":{"line":137,"column":27}},"75":{"start":{"line":137,"column":17},"end":{"line":137,"column":27}},"76":{"start":{"line":138,"column":8},"end":{"line":147,"column":9}},"77":{"start":{"line":138,"column":19},"end":{"line":138,"column":67}},"78":{"start":{"line":140,"column":12},"end":{"line":142,"column":15}},"79":{"start":{"line":143,"column":12},"end":{"line":146,"column":15}},"80":{"start":{"line":151,"column":0},"end":{"line":194,"column":2}},"81":{"start":{"line":166,"column":8},"end":{"line":192,"column":9}},"82":{"start":{"line":167,"column":12},"end":{"line":170,"column":15}},"83":{"start":{"line":171,"column":13},"end":{"line":192,"column":9}},"84":{"start":{"line":172,"column":12},"end":{"line":175,"column":15}},"85":{"start":{"line":177,"column":12},"end":{"line":177,"column":64}},"86":{"start":{"line":178,"column":12},"end":{"line":191,"column":13}},"87":{"start":{"line":179,"column":16},"end":{"line":179,"column":68}},"88":{"start":{"line":181,"column":16},"end":{"line":181,"column":64}},"89":{"start":{"line":182,"column":16},"end":{"line":190,"column":17}},"90":{"start":{"line":183,"column":20},"end":{"line":183,"column":76}},"91":{"start":{"line":185,"column":20},"end":{"line":185,"column":38}},"92":{"start":{"line":186,"column":20},"end":{"line":189,"column":23}},"93":{"start":{"line":187,"column":24},"end":{"line":188,"column":57}},"94":{"start":{"line":187,"column":33},"end":{"line":187,"column":80}},"95":{"start":{"line":188,"column":29},"end":{"line":188,"column":57}},"96":{"start":{"line":196,"column":0},"end":{"line":218,"column":2}},"97":{"start":{"line":200,"column":8},"end":{"line":216,"column":9}},"98":{"start":{"line":201,"column":12},"end":{"line":204,"column":15}},"99":{"start":{"line":206,"column":12},"end":{"line":206,"column":64}},"100":{"start":{"line":207,"column":12},"end":{"line":215,"column":13}},"101":{"start":{"line":208,"column":16},"end":{"line":208,"column":68}},"102":{"start":{"line":210,"column":16},"end":{"line":210,"column":30}},"103":{"start":{"line":211,"column":16},"end":{"line":214,"column":19}},"104":{"start":{"line":212,"column":20},"end":{"line":213,"column":53}},"105":{"start":{"line":212,"column":29},"end":{"line":212,"column":76}},"106":{"start":{"line":213,"column":25},"end":{"line":213,"column":53}},"107":{"start":{"line":221,"column":0},"end":{"line":226,"column":2}},"108":{"start":{"line":222,"column":4},"end":{"line":225,"column":6}},"109":{"start":{"line":223,"column":8},"end":{"line":224,"column":41}},"110":{"start":{"line":223,"column":17},"end":{"line":223,"column":64}},"111":{"start":{"line":224,"column":13},"end":{"line":224,"column":41}},"112":{"start":{"line":229,"column":0},"end":{"line":231,"column":3}},"113":{"start":{"line":230,"column":4},"end":{"line":230,"column":56}},"114":{"start":{"line":233,"column":0},"end":{"line":233,"column":18}}},"branchMap":{"1":{"line":17,"type":"if","locations":[{"start":{"line":17,"column":0},"end":{"line":17,"column":0}},{"start":{"line":17,"column":0},"end":{"line":17,"column":0}}]},"2":{"line":19,"type":"if","locations":[{"start":{"line":19,"column":0},"end":{"line":19,"column":0}},{"start":{"line":19,"column":0},"end":{"line":19,"column":0}}]},"3":{"line":31,"type":"if","locations":[{"start":{"line":31,"column":0},"end":{"line":31,"column":0}},{"start":{"line":31,"column":0},"end":{"line":31,"column":0}}]},"4":{"line":36,"type":"if","locations":[{"start":{"line":36,"column":0},"end":{"line":36,"column":0}},{"start":{"line":36,"column":0},"end":{"line":36,"column":0}}]},"5":{"line":40,"type":"cond-expr","locations":[{"start":{"line":41,"column":10},"end":{"line":41,"column":34}},{"start":{"line":42,"column":10},"end":{"line":42,"column":38}}]},"6":{"line":41,"type":"binary-expr","locations":[{"start":{"line":41,"column":10},"end":{"line":41,"column":26}},{"start":{"line":41,"column":30},"end":{"line":41,"column":34}}]},"7":{"line":42,"type":"binary-expr","locations":[{"start":{"line":42,"column":10},"end":{"line":42,"column":30}},{"start":{"line":42,"column":34},"end":{"line":42,"column":38}}]},"8":{"line":63,"type":"if","locations":[{"start":{"line":63,"column":8},"end":{"line":63,"column":8}},{"start":{"line":63,"column":8},"end":{"line":63,"column":8}}]},"9":{"line":63,"type":"binary-expr","locations":[{"start":{"line":63,"column":12},"end":{"line":63,"column":26}},{"start":{"line":63,"column":30},"end":{"line":63,"column":50}}]},"10":{"line":65,"type":"if","locations":[{"start":{"line":65,"column":15},"end":{"line":65,"column":15}},{"start":{"line":65,"column":15},"end":{"line":65,"column":15}}]},"11":{"line":74,"type":"if","locations":[{"start":{"line":74,"column":16},"end":{"line":74,"column":16}},{"start":{"line":74,"column":16},"end":{"line":74,"column":16}}]},"12":{"line":93,"type":"if","locations":[{"start":{"line":93,"column":8},"end":{"line":93,"column":8}},{"start":{"line":93,"column":8},"end":{"line":93,"column":8}}]},"13":{"line":93,"type":"binary-expr","locations":[{"start":{"line":93,"column":12},"end":{"line":93,"column":50}},{"start":{"line":93,"column":54},"end":{"line":93,"column":76}}]},"14":{"line":98,"type":"if","locations":[{"start":{"line":98,"column":13},"end":{"line":98,"column":13}},{"start":{"line":98,"column":13},"end":{"line":98,"column":13}}]},"15":{"line":99,"type":"binary-expr","locations":[{"start":{"line":99,"column":12},"end":{"line":99,"column":52}},{"start":{"line":100,"column":12},"end":{"line":100,"column":36}}]},"16":{"line":105,"type":"if","locations":[{"start":{"line":105,"column":12},"end":{"line":105,"column":12}},{"start":{"line":105,"column":12},"end":{"line":105,"column":12}}]},"17":{"line":105,"type":"binary-expr","locations":[{"start":{"line":105,"column":16},"end":{"line":105,"column":21}},{"start":{"line":105,"column":25},"end":{"line":105,"column":38}}]},"18":{"line":107,"type":"if","locations":[{"start":{"line":107,"column":19},"end":{"line":107,"column":19}},{"start":{"line":107,"column":19},"end":{"line":107,"column":19}}]},"19":{"line":119,"type":"if","locations":[{"start":{"line":119,"column":20},"end":{"line":119,"column":20}},{"start":{"line":119,"column":20},"end":{"line":119,"column":20}}]},"20":{"line":129,"type":"if","locations":[{"start":{"line":129,"column":8},"end":{"line":129,"column":8}},{"start":{"line":129,"column":8},"end":{"line":129,"column":8}}]},"21":{"line":130,"type":"if","locations":[{"start":{"line":130,"column":8},"end":{"line":130,"column":8}},{"start":{"line":130,"column":8},"end":{"line":130,"column":8}}]},"22":{"line":137,"type":"if","locations":[{"start":{"line":137,"column":8},"end":{"line":137,"column":8}},{"start":{"line":137,"column":8},"end":{"line":137,"column":8}}]},"23":{"line":138,"type":"if","locations":[{"start":{"line":138,"column":8},"end":{"line":138,"column":8}},{"start":{"line":138,"column":8},"end":{"line":138,"column":8}}]},"24":{"line":166,"type":"if","locations":[{"start":{"line":166,"column":8},"end":{"line":166,"column":8}},{"start":{"line":166,"column":8},"end":{"line":166,"column":8}}]},"25":{"line":166,"type":"binary-expr","locations":[{"start":{"line":166,"column":12},"end":{"line":166,"column":47}},{"start":{"line":166,"column":51},"end":{"line":166,"column":73}}]},"26":{"line":171,"type":"if","locations":[{"start":{"line":171,"column":13},"end":{"line":171,"column":13}},{"start":{"line":171,"column":13},"end":{"line":171,"column":13}}]},"27":{"line":171,"type":"binary-expr","locations":[{"start":{"line":171,"column":17},"end":{"line":171,"column":52}},{"start":{"line":171,"column":56},"end":{"line":171,"column":78}}]},"28":{"line":178,"type":"if","locations":[{"start":{"line":178,"column":12},"end":{"line":178,"column":12}},{"start":{"line":178,"column":12},"end":{"line":178,"column":12}}]},"29":{"line":178,"type":"binary-expr","locations":[{"start":{"line":178,"column":16},"end":{"line":178,"column":21}},{"start":{"line":178,"column":25},"end":{"line":178,"column":38}}]},"30":{"line":182,"type":"if","locations":[{"start":{"line":182,"column":16},"end":{"line":182,"column":16}},{"start":{"line":182,"column":16},"end":{"line":182,"column":16}}]},"31":{"line":187,"type":"if","locations":[{"start":{"line":187,"column":24},"end":{"line":187,"column":24}},{"start":{"line":187,"column":24},"end":{"line":187,"column":24}}]},"32":{"line":200,"type":"if","locations":[{"start":{"line":200,"column":8},"end":{"line":200,"column":8}},{"start":{"line":200,"column":8},"end":{"line":200,"column":8}}]},"33":{"line":200,"type":"binary-expr","locations":[{"start":{"line":200,"column":12},"end":{"line":200,"column":47}},{"start":{"line":200,"column":51},"end":{"line":200,"column":73}}]},"34":{"line":207,"type":"if","locations":[{"start":{"line":207,"column":12},"end":{"line":207,"column":12}},{"start":{"line":207,"column":12},"end":{"line":207,"column":12}}]},"35":{"line":207,"type":"binary-expr","locations":[{"start":{"line":207,"column":16},"end":{"line":207,"column":21}},{"start":{"line":207,"column":25},"end":{"line":207,"column":38}}]},"36":{"line":212,"type":"if","locations":[{"start":{"line":212,"column":20},"end":{"line":212,"column":20}},{"start":{"line":212,"column":20},"end":{"line":212,"column":20}}]},"37":{"line":223,"type":"if","locations":[{"start":{"line":223,"column":8},"end":{"line":223,"column":8}},{"start":{"line":223,"column":8},"end":{"line":223,"column":8}}]}}},"/Users/lassetodt/Git Projects/auth-boilerplate/controller/user.controller.js":{"path":"/Users/lassetodt/Git Projects/auth-boilerplate/controller/user.controller.js","s":{"1":1,"2":1,"3":2,"4":2,"5":0,"6":2,"7":1,"8":1,"9":1},"b":{"1":[0,2],"2":[1,1]},"f":{"1":2},"fnMap":{"1":{"name":"removeByEmail","line":18,"loc":{"start":{"line":18,"column":24},"end":{"line":18,"column":63}}}},"statementMap":{"1":{"start":{"line":1,"column":0},"end":{"line":1,"column":39}},"2":{"start":{"line":18,"column":0},"end":{"line":24,"column":2}},"3":{"start":{"line":19,"column":4},"end":{"line":23,"column":7}},"4":{"start":{"line":20,"column":8},"end":{"line":20,"column":36}},"5":{"start":{"line":20,"column":16},"end":{"line":20,"column":36}},"6":{"start":{"line":21,"column":8},"end":{"line":22,"column":51}},"7":{"start":{"line":21,"column":17},"end":{"line":21,"column":57}},"8":{"start":{"line":21,"column":36},"end":{"line":21,"column":55}},"9":{"start":{"line":22,"column":13},"end":{"line":22,"column":51}}},"branchMap":{"1":{"line":20,"type":"if","locations":[{"start":{"line":20,"column":8},"end":{"line":20,"column":8}},{"start":{"line":20,"column":8},"end":{"line":20,"column":8}}]},"2":{"line":21,"type":"if","locations":[{"start":{"line":21,"column":8},"end":{"line":21,"column":8}},{"start":{"line":21,"column":8},"end":{"line":21,"column":8}}]}}},"/Users/lassetodt/Git Projects/auth-boilerplate/models/User.js":{"path":"/Users/lassetodt/Git Projects/auth-boilerplate/models/User.js","s":{"1":1,"2":1,"3":1,"4":1,"5":1,"6":1,"7":1,"8":1,"9":2,"10":1},"b":{},"f":{"1":1,"2":2},"fnMap":{"1":{"name":"generateHash","line":24,"loc":{"start":{"line":24,"column":34},"end":{"line":24,"column":66}}},"2":{"name":"validPassword","line":33,"loc":{"start":{"line":33,"column":35},"end":{"line":33,"column":68}}}},"statementMap":{"1":{"start":{"line":1,"column":0},"end":{"line":1,"column":37}},"2":{"start":{"line":2,"column":0},"end":{"line":2,"column":40}},"3":{"start":{"line":4,"column":0},"end":{"line":6,"column":3}},"4":{"start":{"line":8,"column":0},"end":{"line":11,"column":3}},"5":{"start":{"line":13,"column":0},"end":{"line":17,"column":3}},"6":{"start":{"line":24,"column":0},"end":{"line":26,"column":2}},"7":{"start":{"line":25,"column":4},"end":{"line":25,"column":66}},"8":{"start":{"line":33,"column":0},"end":{"line":35,"column":2}},"9":{"start":{"line":34,"column":4},"end":{"line":34,"column":55}},"10":{"start":{"line":37,"column":0},"end":{"line":37,"column":52}}},"branchMap":{}},"/Users/lassetodt/Git Projects/auth-boilerplate/lib/passport.js":{"path":"/Users/lassetodt/Git Projects/auth-boilerplate/lib/passport.js","s":{"1":1,"2":1,"3":1,"4":1,"5":1,"6":1,"7":2,"8":2,"9":0,"10":2,"11":1,"12":1,"13":1,"14":1,"15":1,"16":1,"17":0,"18":1,"19":1,"20":3,"21":3,"22":0,"23":3,"24":1,"25":2,"26":1,"27":1,"28":1,"29":1,"30":23,"31":23,"32":0,"33":23,"34":0,"35":23},"b":{"1":[0,2],"2":[1,1],"3":[0,1],"4":[0,3],"5":[1,2],"6":[1,1],"7":[0,23],"8":[0,23]},"f":{},"fnMap":{},"statementMap":{"1":{"start":{"line":1,"column":0},"end":{"line":1,"column":57}},"2":{"start":{"line":2,"column":0},"end":{"line":2,"column":53}},"3":{"start":{"line":3,"column":0},"end":{"line":3,"column":54}},"4":{"start":{"line":5,"column":0},"end":{"line":5,"column":39}},"5":{"start":{"line":7,"column":0},"end":{"line":94,"column":2}},"6":{"start":{"line":9,"column":4},"end":{"line":45,"column":6}},"7":{"start":{"line":21,"column":16},"end":{"line":42,"column":19}},"8":{"start":{"line":23,"column":20},"end":{"line":23,"column":46}},"9":{"start":{"line":23,"column":29},"end":{"line":23,"column":46}},"10":{"start":{"line":26,"column":20},"end":{"line":30,"column":21}},"11":{"start":{"line":27,"column":24},"end":{"line":29,"column":27}},"12":{"start":{"line":31,"column":20},"end":{"line":31,"column":47}},"13":{"start":{"line":34,"column":20},"end":{"line":34,"column":42}},"14":{"start":{"line":35,"column":20},"end":{"line":35,"column":70}},"15":{"start":{"line":38,"column":20},"end":{"line":41,"column":23}},"16":{"start":{"line":39,"column":24},"end":{"line":39,"column":58}},"17":{"start":{"line":39,"column":37},"end":{"line":39,"column":58}},"18":{"start":{"line":40,"column":24},"end":{"line":40,"column":51}},"19":{"start":{"line":48,"column":4},"end":{"line":75,"column":6}},"20":{"start":{"line":59,"column":16},"end":{"line":72,"column":19}},"21":{"start":{"line":61,"column":20},"end":{"line":61,"column":46}},"22":{"start":{"line":61,"column":29},"end":{"line":61,"column":46}},"23":{"start":{"line":62,"column":20},"end":{"line":65,"column":27}},"24":{"start":{"line":63,"column":24},"end":{"line":65,"column":27}},"25":{"start":{"line":66,"column":20},"end":{"line":69,"column":27}},"26":{"start":{"line":67,"column":24},"end":{"line":69,"column":27}},"27":{"start":{"line":71,"column":20},"end":{"line":71,"column":44}},"28":{"start":{"line":78,"column":4},"end":{"line":81,"column":6}},"29":{"start":{"line":82,"column":4},"end":{"line":93,"column":6}},"30":{"start":{"line":84,"column":12},"end":{"line":91,"column":14}},"31":{"start":{"line":87,"column":20},"end":{"line":87,"column":53}},"32":{"start":{"line":87,"column":29},"end":{"line":87,"column":53}},"33":{"start":{"line":88,"column":20},"end":{"line":88,"column":56}},"34":{"start":{"line":88,"column":31},"end":{"line":88,"column":56}},"35":{"start":{"line":89,"column":20},"end":{"line":89,"column":44}}},"branchMap":{"1":{"line":23,"type":"if","locations":[{"start":{"line":23,"column":20},"end":{"line":23,"column":20}},{"start":{"line":23,"column":20},"end":{"line":23,"column":20}}]},"2":{"line":26,"type":"if","locations":[{"start":{"line":26,"column":20},"end":{"line":26,"column":20}},{"start":{"line":26,"column":20},"end":{"line":26,"column":20}}]},"3":{"line":39,"type":"if","locations":[{"start":{"line":39,"column":24},"end":{"line":39,"column":24}},{"start":{"line":39,"column":24},"end":{"line":39,"column":24}}]},"4":{"line":61,"type":"if","locations":[{"start":{"line":61,"column":20},"end":{"line":61,"column":20}},{"start":{"line":61,"column":20},"end":{"line":61,"column":20}}]},"5":{"line":62,"type":"if","locations":[{"start":{"line":62,"column":20},"end":{"line":62,"column":20}},{"start":{"line":62,"column":20},"end":{"line":62,"column":20}}]},"6":{"line":66,"type":"if","locations":[{"start":{"line":66,"column":20},"end":{"line":66,"column":20}},{"start":{"line":66,"column":20},"end":{"line":66,"column":20}}]},"7":{"line":87,"type":"if","locations":[{"start":{"line":87,"column":20},"end":{"line":87,"column":20}},{"start":{"line":87,"column":20},"end":{"line":87,"column":20}}]},"8":{"line":88,"type":"if","locations":[{"start":{"line":88,"column":20},"end":{"line":88,"column":20}},{"start":{"line":88,"column":20},"end":{"line":88,"column":20}}]}}}}