TN:
SF:/Users/lassetodt/Git Projects/auth-boilerplate/index.js
FNF:0
FNH:0
DA:1,1
DA:2,1
DA:3,1
DA:4,1
DA:5,1
DA:6,1
DA:7,1
DA:8,1
DA:9,1
DA:10,1
DA:11,1
DA:12,1
DA:14,1
DA:17,1
DA:19,1
DA:20,0
DA:23,1
DA:25,1
DA:26,1
DA:27,1
DA:31,1
DA:32,0
DA:36,1
DA:37,0
DA:39,1
DA:45,1
DA:49,1
DA:50,1
DA:51,1
DA:52,1
DA:53,1
DA:54,1
DA:55,1
DA:57,1
DA:61,0
DA:65,1
DA:69,0
DA:70,0
DA:72,0
DA:73,0
DA:74,0
DA:75,0
DA:76,0
DA:82,1
DA:86,0
DA:90,1
DA:94,0
DA:100,0
DA:102,0
DA:103,0
DA:104,0
DA:106,0
DA:107,0
DA:108,0
DA:109,0
DA:116,1
DA:117,0
DA:118,0
DA:121,1
DA:122,2
DA:123,2
DA:124,2
DA:125,0
DA:129,1
DA:130,0
DA:131,0
DA:132,0
DA:134,0
DA:137,0
DA:146,1
DA:147,1
DA:151,1
LF:72
LH:43
BRDA:17,1,0,1
BRDA:17,1,1,0
BRDA:19,2,0,1
BRDA:19,2,1,0
BRDA:31,3,0,0
BRDA:31,3,1,1
BRDA:36,4,0,0
BRDA:36,4,1,1
BRDA:40,5,0,0
BRDA:40,5,1,1
BRDA:41,6,0,0
BRDA:41,6,1,0
BRDA:42,7,0,1
BRDA:42,7,1,0
BRDA:69,8,0,0
BRDA:69,8,1,0
BRDA:69,9,0,0
BRDA:69,9,1,0
BRDA:75,10,0,0
BRDA:75,10,1,0
BRDA:94,11,0,0
BRDA:94,11,1,0
BRDA:95,12,0,0
BRDA:95,12,1,0
BRDA:95,12,2,0
BRDA:95,12,3,0
BRDA:103,13,0,0
BRDA:103,13,1,0
BRDA:103,14,0,0
BRDA:103,14,1,0
BRDA:108,15,0,0
BRDA:108,15,1,0
BRDA:123,16,0,0
BRDA:123,16,1,2
BRDA:124,17,0,2
BRDA:124,17,1,0
BRDA:131,18,0,0
BRDA:131,18,1,0
BRDA:132,19,0,0
BRDA:132,19,1,0
BRF:40
BRH:8
end_of_record
TN:
SF:/Users/lassetodt/Git Projects/auth-boilerplate/models/User.js
FN:24,generateHash
FN:33,validPassword
FNF:2
FNH:0
FNDA:0,generateHash
FNDA:0,validPassword
DA:1,1
DA:2,1
DA:4,1
DA:8,1
DA:13,1
DA:24,1
DA:25,0
DA:33,1
DA:34,0
DA:37,1
LF:10
LH:8
BRF:0
BRH:0
end_of_record
TN:
SF:/Users/lassetodt/Git Projects/auth-boilerplate/lib/passport.js
FNF:0
FNH:0
DA:1,1
DA:2,1
DA:3,1
DA:5,1
DA:7,1
DA:15,1
DA:18,1
DA:19,0
DA:23,1
DA:35,2
DA:37,2
DA:40,2
DA:41,2
DA:45,0
DA:48,0
DA:49,0
DA:52,0
DA:53,0
DA:54,0
DA:62,1
DA:73,0
DA:75,0
DA:76,0
DA:77,0
DA:80,0
DA:81,0
DA:85,0
DA:92,1
DA:96,1
DA:98,0
DA:101,0
DA:102,0
DA:103,0
LF:33
LH:15
BRDA:37,1,0,0
BRDA:37,1,1,2
BRDA:40,2,0,2
BRDA:40,2,1,0
BRDA:53,3,0,0
BRDA:53,3,1,0
BRDA:75,4,0,0
BRDA:75,4,1,0
BRDA:76,5,0,0
BRDA:76,5,1,0
BRDA:80,6,0,0
BRDA:80,6,1,0
BRDA:101,7,0,0
BRDA:101,7,1,0
BRDA:102,8,0,0
BRDA:102,8,1,0
BRF:16
BRH:2
end_of_record
