TN:
SF:/Users/lassetodt/Git Projects/auth-boilerplate/index.js
FNF:0
FNH:0
DA:1,1
DA:2,1
DA:3,1
DA:4,1
DA:5,1
DA:6,1
DA:7,1
DA:8,1
DA:9,1
DA:10,1
DA:11,1
DA:12,1
DA:14,1
DA:17,1
DA:19,1
DA:20,0
DA:23,1
DA:25,1
DA:26,1
DA:27,1
DA:31,1
DA:32,0
DA:36,1
DA:37,0
DA:39,1
DA:45,1
DA:49,1
DA:50,1
DA:51,1
DA:52,1
DA:53,1
DA:54,1
DA:55,1
DA:59,1
DA:63,5
DA:64,3
DA:65,2
DA:67,1
DA:70,1
DA:72,1
DA:73,1
DA:74,1
DA:75,1
DA:81,1
DA:85,2
DA:89,1
DA:93,7
DA:94,2
DA:98,5
DA:102,2
DA:104,3
DA:105,3
DA:106,1
DA:107,2
DA:109,1
DA:112,1
DA:117,1
DA:118,1
DA:119,1
DA:120,1
DA:127,1
DA:128,7
DA:129,7
DA:130,7
DA:131,1
DA:135,1
DA:136,3
DA:137,3
DA:138,3
DA:140,1
DA:143,1
DA:151,1
DA:166,5
DA:167,1
DA:171,4
DA:172,1
DA:177,3
DA:178,3
DA:179,1
DA:181,2
DA:182,2
DA:183,1
DA:185,1
DA:186,1
DA:187,1
DA:188,1
DA:196,1
DA:200,4
DA:201,2
DA:206,2
DA:207,2
DA:208,1
DA:210,1
DA:211,1
DA:212,1
DA:213,1
DA:221,1
DA:222,2
DA:223,2
DA:224,1
DA:229,1
DA:230,1
DA:233,1
LF:103
LH:100
BRDA:17,1,0,1
BRDA:17,1,1,0
BRDA:19,2,0,1
BRDA:19,2,1,0
BRDA:31,3,0,0
BRDA:31,3,1,1
BRDA:36,4,0,0
BRDA:36,4,1,1
BRDA:40,5,0,0
BRDA:40,5,1,1
BRDA:41,6,0,0
BRDA:41,6,1,0
BRDA:42,7,0,1
BRDA:42,7,1,0
BRDA:63,8,0,3
BRDA:63,8,1,2
BRDA:63,9,0,5
BRDA:63,9,1,2
BRDA:65,10,0,1
BRDA:65,10,1,1
BRDA:74,11,0,0
BRDA:74,11,1,1
BRDA:93,12,0,2
BRDA:93,12,1,5
BRDA:93,13,0,7
BRDA:93,13,1,6
BRDA:98,14,0,2
BRDA:98,14,1,3
BRDA:99,15,0,5
BRDA:99,15,1,4
BRDA:105,16,0,1
BRDA:105,16,1,2
BRDA:105,17,0,3
BRDA:105,17,1,2
BRDA:107,18,0,1
BRDA:107,18,1,1
BRDA:119,19,0,0
BRDA:119,19,1,1
BRDA:129,20,0,0
BRDA:129,20,1,7
BRDA:130,21,0,6
BRDA:130,21,1,1
BRDA:137,22,0,0
BRDA:137,22,1,3
BRDA:138,23,0,2
BRDA:138,23,1,1
BRDA:166,24,0,1
BRDA:166,24,1,4
BRDA:166,25,0,5
BRDA:166,25,1,4
BRDA:171,26,0,1
BRDA:171,26,1,3
BRDA:171,27,0,4
BRDA:171,27,1,3
BRDA:178,28,0,1
BRDA:178,28,1,2
BRDA:178,29,0,3
BRDA:178,29,1,2
BRDA:182,30,0,1
BRDA:182,30,1,1
BRDA:187,31,0,0
BRDA:187,31,1,1
BRDA:200,32,0,2
BRDA:200,32,1,2
BRDA:200,33,0,4
BRDA:200,33,1,3
BRDA:207,34,0,1
BRDA:207,34,1,1
BRDA:207,35,0,2
BRDA:207,35,1,1
BRDA:212,36,0,0
BRDA:212,36,1,1
BRDA:223,37,0,1
BRDA:223,37,1,1
BRF:74
BRH:60
end_of_record
TN:
SF:/Users/lassetodt/Git Projects/auth-boilerplate/controller/user.controller.js
FN:18,removeByEmail
FNF:1
FNH:1
FNDA:2,removeByEmail
DA:1,1
DA:18,1
DA:19,2
DA:20,2
DA:21,2
DA:22,1
LF:6
LH:6
BRDA:20,1,0,0
BRDA:20,1,1,2
BRDA:21,2,0,1
BRDA:21,2,1,1
BRF:4
BRH:3
end_of_record
TN:
SF:/Users/lassetodt/Git Projects/auth-boilerplate/models/User.js
FN:24,generateHash
FN:33,validPassword
FNF:2
FNH:2
FNDA:1,generateHash
FNDA:2,validPassword
DA:1,1
DA:2,1
DA:4,1
DA:8,1
DA:13,1
DA:24,1
DA:25,1
DA:33,1
DA:34,2
DA:37,1
LF:10
LH:10
BRF:0
BRH:0
end_of_record
TN:
SF:/Users/lassetodt/Git Projects/auth-boilerplate/lib/passport.js
FNF:0
FNH:0
DA:1,1
DA:2,1
DA:3,1
DA:5,1
DA:7,1
DA:9,1
DA:21,2
DA:23,2
DA:26,2
DA:27,1
DA:31,1
DA:34,1
DA:35,1
DA:38,1
DA:39,1
DA:40,1
DA:48,1
DA:59,3
DA:61,3
DA:62,3
DA:63,1
DA:66,2
DA:67,1
DA:71,1
DA:78,1
DA:82,1
DA:84,23
DA:87,23
DA:88,23
DA:89,23
LF:30
LH:30
BRDA:23,1,0,0
BRDA:23,1,1,2
BRDA:26,2,0,1
BRDA:26,2,1,1
BRDA:39,3,0,0
BRDA:39,3,1,1
BRDA:61,4,0,0
BRDA:61,4,1,3
BRDA:62,5,0,1
BRDA:62,5,1,2
BRDA:66,6,0,1
BRDA:66,6,1,1
BRDA:87,7,0,0
BRDA:87,7,1,23
BRDA:88,8,0,0
BRDA:88,8,1,23
BRF:16
BRH:11
end_of_record
